<?xml version="1.0" encoding="UTF-8"?>
<!-- Generated by org.testng.reporters.JUnitReportReporter -->
<testsuite hostname="LAPTOP-1SE3GBU9" failures="0" tests="1" name="app.chatdaddy.tech.Tests.LoginTest" time="18.882" errors="0" timestamp="2023-08-16T12:52:43 IST" skipped="0">
  <testcase classname="app.chatdaddy.tech.Tests.LoginTest" name="testM" time="18.882"/>
</testsuite> <!-- app.chatdaddy.tech.Tests.LoginTest -->
